NAT
0001
0020
0001E Eingabe erforderlich.
#-------------------------------------------------------------------------------
#TEXT:
#EXPL:
#ACTN:
0002E Falscher Wert für:1:.
#-------------------------------------------------------------------------------
#TEXT:
#EXPL:
#ACTN:
0003E Diese Funktionalität ist nicht unterstützt.
#-------------------------------------------------------------------------------
#TEXT:
#EXPL:
#ACTN:
0004E Es ist nur erlaubt mit:1:zu markieren.
#-------------------------------------------------------------------------------
#TEXT:
#EXPL:
#ACTN:
0005E Es ist nur erlaubt:1:zu markieren.
#-------------------------------------------------------------------------------
#TEXT:
#EXPL:
#ACTN:
0006E Diese Funktionstaste ist nicht aktiv.
#-------------------------------------------------------------------------------
#TEXT:
#EXPL:
#ACTN:
0007E Erste Seite.
#-------------------------------------------------------------------------------
#TEXT:
#EXPL:
#ACTN:
0008E Ende der Daten.
#-------------------------------------------------------------------------------
#TEXT:
#EXPL:
#ACTN:
0009E Bitte geben Sie ein gültiges Datum ein (TTMMJJJJ).
#-------------------------------------------------------------------------------
#TEXT:
#EXPL:
#ACTN:
0010E :1:existiert bereits.
#-------------------------------------------------------------------------------
#TEXT:
#EXPL:
#ACTN:
0011E Die Aktion wurde erfolgreich durchgeführt.
#-------------------------------------------------------------------------------
#TEXT:
#EXPL:
#ACTN:
0012E "ENTER" drücken, um zu einer neuen Stelle zu gehen.
#-------------------------------------------------------------------------------
#TEXT:
#EXPL:
#ACTN:
0013E Falscher Schlüssel.
#-------------------------------------------------------------------------------
#TEXT:
#EXPL:
#ACTN:
0014E Zum Bestätigen "PF5" drücken.
#-------------------------------------------------------------------------------
#TEXT:
#EXPL:
#ACTN:
0018E Um die Fahrzeuge anzuzeigen, einen Mitarbeiter mit "Z" markieren.
#-------------------------------------------------------------------------------
#TEXT:
#EXPL:
#ACTN:
0019E "ENTER" drücken, um weitermachen.
#-------------------------------------------------------------------------------
#TEXT:
#EXPL:
#ACTN:
0020E Markieren Sie mit "A" zum Ändern oder mit "L" zum Löschen.
#-------------------------------------------------------------------------------
#TEXT:
#EXPL:
#ACTN:
