NAT
0001
0020
0001E Campo Obligatorio.
#-------------------------------------------------------------------------------
#TEXT:
#EXPL:
#ACTN:
0002E Valor Incorrecto:1:.
#-------------------------------------------------------------------------------
#TEXT:
#EXPL:
#ACTN:
0003E Opci?n no implementada.
#-------------------------------------------------------------------------------
#TEXT:
#EXPL:
#ACTN:
0004E Solamente permitido marcar con :1:.
#-------------------------------------------------------------------------------
#TEXT:
#EXPL:
#ACTN:
0005E Solamente permitido marcar:1:.
#-------------------------------------------------------------------------------
#TEXT:
#EXPL:
#ACTN:
0006E Tecla de funci?n no activa.
#-------------------------------------------------------------------------------
#TEXT:
#EXPL:
#ACTN:
0007E Primera p?gina.
#-------------------------------------------------------------------------------
#TEXT:
#EXPL:
#ACTN:
0008E Final de datos.
#-------------------------------------------------------------------------------
#TEXT:
#EXPL:
#ACTN:
0009E Introducir una fecha correcta (DDMMAA).
#-------------------------------------------------------------------------------
#TEXT:
#EXPL:
#ACTN:
0010E :1:ya existe.
#-------------------------------------------------------------------------------
#TEXT:
#EXPL:
#ACTN:
0011E Operaci?n realizada.
#-------------------------------------------------------------------------------
#TEXT:
#EXPL:
#ACTN:
0012E Presionar "ENTER" para ir a otro lugar.
#-------------------------------------------------------------------------------
#TEXT:
#EXPL:
#ACTN:
0013E C?digo incorrecto.
#-------------------------------------------------------------------------------
#TEXT:
#EXPL:
#ACTN:
0014E Presionar "PF5" para confirmar la operaci?n.
#-------------------------------------------------------------------------------
#TEXT:
#EXPL:
#ACTN:
0018E Marcar un empleado con "C" para consultar el veh?culo asignado.
#-------------------------------------------------------------------------------
#TEXT:
#EXPL:
#ACTN:
0019E Presionar "ENTER" para continuar.
#-------------------------------------------------------------------------------
#TEXT:
#EXPL:
#ACTN:
0020E Marcar con "M" para modificar o con "B" para borrar.
#-------------------------------------------------------------------------------
#TEXT:
#EXPL:
#ACTN:
