NAT
0001
0020
0001E Required field.
#-------------------------------------------------------------------------------
#TEXT:
#EXPL:
#ACTN:
0002E Incorrect value for:1:.
#-------------------------------------------------------------------------------
#TEXT:
#EXPL:
#ACTN:
0003E Feature not implemented.
#-------------------------------------------------------------------------------
#TEXT:
#EXPL:
#ACTN:
0004E It's only allowed to mark with:1:.
#-------------------------------------------------------------------------------
#TEXT:
#EXPL:
#ACTN:
0005E It's only allowed to mark:1:.
#-------------------------------------------------------------------------------
#TEXT:
#EXPL:
#ACTN:
0006E This function key is not active.
#-------------------------------------------------------------------------------
#TEXT:
#EXPL:
#ACTN:
0007E First page.
#-------------------------------------------------------------------------------
#TEXT:
#EXPL:
#ACTN:
0008E End of data.
#-------------------------------------------------------------------------------
#TEXT:
#EXPL:
#ACTN:
0009E Enter a valid date (DDMMYY).
#-------------------------------------------------------------------------------
#TEXT:
#EXPL:
#ACTN:
0010E :1:already exists.
#-------------------------------------------------------------------------------
#TEXT:
#EXPL:
#ACTN:
0011E Operation sucsessfully performed.
#-------------------------------------------------------------------------------
#TEXT:
#EXPL:
#ACTN:
0012E Press "ENTER" to move new location.
#-------------------------------------------------------------------------------
#TEXT:
#EXPL:
#ACTN:
0013E Incorrect code.
#-------------------------------------------------------------------------------
#TEXT:
#EXPL:
#ACTN:
0014E Press "PF5" to confirm.
#-------------------------------------------------------------------------------
#TEXT:
#EXPL:
#ACTN:
0018E Mark one employee with "V" to display assigned vehicles.
#-------------------------------------------------------------------------------
#TEXT:
#EXPL:
#ACTN:
0019E Press "ENTER" to continue.
#-------------------------------------------------------------------------------
#TEXT:
#EXPL:
#ACTN:
0020E Mark with "M" to modify or with "D" to delete.
#-------------------------------------------------------------------------------
#TEXT:
#EXPL:
#ACTN:
